<?xml version="1.0" encoding="UTF-8"?>
<testng-results skipped="0" failed="1" total="1" passed="0">
  <reporter-output>
  </reporter-output>
  <suite name="My suite" duration-ms="95440" started-at="2018-01-25T23:29:16Z" finished-at="2018-01-25T23:30:52Z">
    <groups>
      <group name="Calculator">
        <method signature="CalculatorField.test()[pri:0, instance:com.myTests.calculator.CalculatorField@19a81e8]" name="test" class="com.myTests.calculator.CalculatorField"/>
      </group> <!-- Calculator -->
    </groups>
    <test name="TestAttempt" duration-ms="95440" started-at="2018-01-25T23:29:16Z" finished-at="2018-01-25T23:30:52Z">
      <class name="com.myTests.calculator.CalculatorField">
        <test-method status="PASS" signature="setRuntime()[pri:0, instance:com.myTests.calculator.CalculatorField@19a81e8]" name="setRuntime" is-config="true" duration-ms="14" started-at="2018-01-26T01:29:16Z" finished-at="2018-01-26T01:29:16Z">
          <reporter-output>
          </reporter-output>
        </test-method> <!-- setRuntime -->
        <test-method status="PASS" signature="clientSetUp(java.lang.String, java.lang.String)[pri:0, instance:com.myTests.calculator.CalculatorField@19a81e8]" name="clientSetUp" is-config="true" duration-ms="39932" started-at="2018-01-26T01:29:16Z" finished-at="2018-01-26T01:29:56Z">
          <params>
            <param index="0">
              <value>
                <![CDATA[true]]>
              </value>
            </param>
            <param index="1">
              <value>
                <![CDATA[@os='android']]>
              </value>
            </param>
          </params>
          <reporter-output>
          </reporter-output>
        </test-method> <!-- clientSetUp -->
        <test-method status="PASS" signature="setUp(java.lang.String)[pri:0, instance:com.myTests.calculator.CalculatorField@19a81e8]" name="setUp" is-config="true" duration-ms="1" started-at="2018-01-26T01:29:56Z" finished-at="2018-01-26T01:29:56Z">
          <params>
            <param index="0">
              <value>
                <![CDATA[true]]>
              </value>
            </param>
          </params>
          <reporter-output>
          </reporter-output>
        </test-method> <!-- setUp -->
        <test-method status="FAIL" signature="test()[pri:0, instance:com.myTests.calculator.CalculatorField@19a81e8]" name="test" duration-ms="50590" started-at="2018-01-26T01:29:56Z" finished-at="2018-01-26T01:30:47Z">
          <exception class="com.experitest.client.InternalException">
            <message>
              <![CDATA[Exception caught while executing elementSendText: Element was not identified: 'xpath=//*[@id='starting_price_edit_text']' at zone NATIVE]]>
            </message>
            <full-stacktrace>
              <![CDATA[com.experitest.client.InternalException: Exception caught while executing elementSendText: Element was not identified: 'xpath=//*[@id='starting_price_edit_text']' at zone NATIVE
	at com.experitest.client.JavaClientInternals.executeInternally(JavaClientInternals.java:249)
	at com.experitest.client.Client.execute(Client.java:247)
	at com.experitest.client.ExecutionClient.execute(ExecutionClient.java:184)
	at com.experitest.client.Client.elementSendText(Client.java:794)
	at com.experitest.client.ClientWrapper.elementSendText(ClientWrapper.java:502)
	at com.myTests.calculator.CalculatorField.test(CalculatorField.java:16)
	at sun.reflect.NativeMethodAccessorImpl.invoke0(Native Method)
	at sun.reflect.NativeMethodAccessorImpl.invoke(NativeMethodAccessorImpl.java:62)
	at sun.reflect.DelegatingMethodAccessorImpl.invoke(DelegatingMethodAccessorImpl.java:43)
	at java.lang.reflect.Method.invoke(Method.java:498)
	at org.testng.internal.MethodInvocationHelper.invokeMethod(MethodInvocationHelper.java:100)
	at org.testng.internal.Invoker.invokeMethod(Invoker.java:646)
	at org.testng.internal.Invoker.invokeTestMethod(Invoker.java:811)
	at org.testng.internal.Invoker.invokeTestMethods(Invoker.java:1129)
	at org.testng.internal.TestMethodWorker.invokeTestMethods(TestMethodWorker.java:129)
	at org.testng.internal.TestMethodWorker.run(TestMethodWorker.java:112)
	at java.util.concurrent.ThreadPoolExecutor.runWorker(ThreadPoolExecutor.java:1149)
	at java.util.concurrent.ThreadPoolExecutor$Worker.run(ThreadPoolExecutor.java:624)
	at java.lang.Thread.run(Thread.java:748)
]]>
            </full-stacktrace>
          </exception> <!-- com.experitest.client.InternalException -->
          <reporter-output>
          </reporter-output>
        </test-method> <!-- test -->
        <test-method status="PASS" signature="tearDown()[pri:0, instance:com.myTests.calculator.CalculatorField@19a81e8]" name="tearDown" is-config="true" duration-ms="4894" started-at="2018-01-26T01:30:47Z" finished-at="2018-01-26T01:30:52Z">
          <reporter-output>
          </reporter-output>
        </test-method> <!-- tearDown -->
      </class> <!-- com.myTests.calculator.CalculatorField -->
    </test> <!-- TestAttempt -->
  </suite> <!-- My suite -->
</testng-results>
